<?xml version="1.0" encoding="UTF-8"?>
<testng-results ignored="5" total="6" passed="1" failed="0" skipped="0">
  <reporter-output>
  </reporter-output>
  <suite started-at="2023-01-09T21:25:01 EST" name="Default suite" finished-at="2023-01-09T21:25:08 EST" duration-ms="6153">
    <groups>
    </groups>
    <test started-at="2023-01-09T21:25:01 EST" name="Default test" finished-at="2023-01-09T21:25:08 EST" duration-ms="6153">
      <class name="com.testScripts.ActionClick">
        <test-method is-config="true" signature="launch()[pri:0, instance:com.testScripts.ActionClick@2dde1bff]" started-at="2023-01-09T21:25:01 EST" name="launch" finished-at="2023-01-09T21:25:06 EST" duration-ms="4205" status="PASS">
          <reporter-output>
          </reporter-output>
        </test-method> <!-- launch -->
        <test-method signature="checkOutItem()[pri:0, instance:com.testScripts.ActionClick@2dde1bff]" started-at="2023-01-09T21:25:06 EST" name="checkOutItem" finished-at="2023-01-09T21:25:07 EST" duration-ms="1721" status="PASS">
          <reporter-output>
          </reporter-output>
        </test-method> <!-- checkOutItem -->
        <test-method is-config="true" signature="browserTearDown()[pri:0, instance:com.testScripts.ActionClick@2dde1bff]" started-at="2023-01-09T21:25:07 EST" name="browserTearDown" finished-at="2023-01-09T21:25:08 EST" duration-ms="174" status="PASS">
          <reporter-output>
          </reporter-output>
        </test-method> <!-- browserTearDown -->
      </class> <!-- com.testScripts.ActionClick -->
    </test> <!-- Default test -->
  </suite> <!-- Default suite -->
</testng-results>
