<?xml version="1.0" encoding="UTF-8"?>
<!-- Generated by org.testng.reporters.JUnitXMLReporter -->
<testsuite ignored="5" hostname="Ramadevi" failures="0" tests="1" name="Default test" time="6.153" errors="0" timestamp="2023-01-09T21:25:08 EST">
  <testcase classname="com.testScripts.ActionClick" name="checkOutItem" time="1.721"/>
  <testcase classname="com.testScripts.ActionClick" name="clickBooks" time="0.0">
    <ignored/>
  </testcase> <!-- clickBooks -->
  <testcase classname="com.testScripts.ActionClick" name="clickItemOne" time="0.0">
    <ignored/>
  </testcase> <!-- clickItemOne -->
  <testcase classname="com.testScripts.ActionClick" name="clickReg" time="0.0">
    <ignored/>
  </testcase> <!-- clickReg -->
  <testcase classname="com.testScripts.ActionClick" name="compTest" time="0.0">
    <ignored/>
  </testcase> <!-- compTest -->
  <testcase classname="com.testScripts.ActionClick" name="clickComputer" time="0.0">
    <ignored/>
  </testcase> <!-- clickComputer -->
</testsuite> <!-- Default test -->
